<?xml version="1.0" encoding="UTF-8"?>
<testng-results skipped="0" failed="0" ignored="0" total="1" passed="1">
  <reporter-output>
  </reporter-output>
  <suite name="Default suite" duration-ms="4923" started-at="2021-01-04T02:26:36Z" finished-at="2021-01-04T02:26:41Z">
    <groups>
    </groups>
    <test name="Default test" duration-ms="4923" started-at="2021-01-04T02:26:36Z" finished-at="2021-01-04T02:26:41Z">
      <class name="com.qa.api.GoRest.Tests.JsonSchemaValidation">
        <test-method status="PASS" signature="GoRest_GetUsers_BDD()[pri:1, instance:com.qa.api.GoRest.Tests.JsonSchemaValidation@42e26948]" name="GoRest_GetUsers_BDD" duration-ms="4858" started-at="2021-01-04T02:26:36Z" finished-at="2021-01-04T02:26:41Z">
          <reporter-output>
          </reporter-output>
        </test-method> <!-- GoRest_GetUsers_BDD -->
      </class> <!-- com.qa.api.GoRest.Tests.JsonSchemaValidation -->
    </test> <!-- Default test -->
  </suite> <!-- Default suite -->
</testng-results>
